<?xml version="1.0" encoding="UTF-8"?>
<testng-results ignored="0" total="1" passed="1" failed="0" skipped="0">
  <reporter-output>
  </reporter-output>
  <suite started-at="2021-08-18T21:02:15 CEST" name="Default suite" finished-at="2021-08-18T21:02:20 CEST" duration-ms="5089">
    <groups>
      <group name="cucumber">
        <method signature="AbstractTestNGCucumberTests.runScenario(io.cucumber.testng.PickleWrapper, io.cucumber.testng.FeatureWrapper)[pri:0, instance:cucumber.Options.RunCucumberTests@5bd03f44]" name="runScenario" class="io.cucumber.testng.AbstractTestNGCucumberTests"/>
      </group> <!-- cucumber -->
    </groups>
    <test started-at="2021-08-18T21:02:15 CEST" name="Default test" finished-at="2021-08-18T21:02:20 CEST" duration-ms="5089">
      <class name="cucumber.Options.RunCucumberTests">
        <test-method is-config="true" signature="setUpClass()[pri:0, instance:cucumber.Options.RunCucumberTests@5bd03f44]" started-at="2021-08-18T21:02:15 CEST" name="setUpClass" finished-at="2021-08-18T21:02:16 CEST" duration-ms="626" status="PASS">
          <reporter-output>
          </reporter-output>
        </test-method> <!-- setUpClass -->
        <test-method signature="runScenario(io.cucumber.testng.PickleWrapper, io.cucumber.testng.FeatureWrapper)[pri:0, instance:cucumber.Options.RunCucumberTests@5bd03f44]" started-at="2021-08-18T21:02:16 CEST" name="runScenario" description="Runs Cucumber Scenarios" data-provider="scenarios" finished-at="2021-08-18T21:02:20 CEST" duration-ms="4330" status="PASS">
          <params>
            <param index="0">
              <value>
                <![CDATA["validate auth"]]>
              </value>
            </param>
            <param index="1">
              <value>
                <![CDATA["Optional.empty"]]>
              </value>
            </param>
          </params>
          <reporter-output>
          </reporter-output>
        </test-method> <!-- runScenario -->
        <test-method is-config="true" signature="tearDownClass()[pri:0, instance:cucumber.Options.RunCucumberTests@5bd03f44]" started-at="2021-08-18T21:02:20 CEST" name="tearDownClass" finished-at="2021-08-18T21:02:20 CEST" duration-ms="62" status="PASS">
          <reporter-output>
          </reporter-output>
        </test-method> <!-- tearDownClass -->
      </class> <!-- cucumber.Options.RunCucumberTests -->
    </test> <!-- Default test -->
  </suite> <!-- Default suite -->
</testng-results>
